-------------------------------------------------------------------------------
Test set: com.whattoeattoday.recommendationservice.RecommendationServiceApplicationTests
-------------------------------------------------------------------------------
Tests run: 2, Failures: 0, Errors: 1, Skipped: 0, Time elapsed: 6.118 s <<< FAILURE! - in com.whattoeattoday.recommendationservice.RecommendationServiceApplicationTests
testFindAll  Time elapsed: 1.696 s  <<< ERROR!
org.mybatis.spring.MyBatisSystemException: 
nested exception is org.apache.ibatis.exceptions.PersistenceException: 
### Error querying database.  Cause: org.springframework.jdbc.CannotGetJdbcConnectionException: Failed to obtain JDBC Connection; nested exception is java.sql.SQLNonTransientConnectionException: Cannot connect to MySQL server on google:3,306.

Make sure that there is a MySQL server running on the machine/port you are trying to connect to and that the machine this software is running on is able to connect to this host/port (i.e. not firewalled). Also make sure that the server has not been started with the --skip-networking flag.


### The error may exist in com/whattoeattoday/recommendationservice/demo/dao/RecipeMapper.java (best guess)
### The error may involve com.whattoeattoday.recommendationservice.demo.dao.RecipeMapper.findAll
### The error occurred while executing a query
### Cause: org.springframework.jdbc.CannotGetJdbcConnectionException: Failed to obtain JDBC Connection; nested exception is java.sql.SQLNonTransientConnectionException: Cannot connect to MySQL server on google:3,306.

Make sure that there is a MySQL server running on the machine/port you are trying to connect to and that the machine this software is running on is able to connect to this host/port (i.e. not firewalled). Also make sure that the server has not been started with the --skip-networking flag.


	at com.whattoeattoday.recommendationservice.RecommendationServiceApplicationTests.testFindAll(RecommendationServiceApplicationTests.java:22)
Caused by: org.apache.ibatis.exceptions.PersistenceException: 

### Error querying database.  Cause: org.springframework.jdbc.CannotGetJdbcConnectionException: Failed to obtain JDBC Connection; nested exception is java.sql.SQLNonTransientConnectionException: Cannot connect to MySQL server on google:3,306.

Make sure that there is a MySQL server running on the machine/port you are trying to connect to and that the machine this software is running on is able to connect to this host/port (i.e. not firewalled). Also make sure that the server has not been started with the --skip-networking flag.


### The error may exist in com/whattoeattoday/recommendationservice/demo/dao/RecipeMapper.java (best guess)
### The error may involve com.whattoeattoday.recommendationservice.demo.dao.RecipeMapper.findAll
### The error occurred while executing a query
### Cause: org.springframework.jdbc.CannotGetJdbcConnectionException: Failed to obtain JDBC Connection; nested exception is java.sql.SQLNonTransientConnectionException: Cannot connect to MySQL server on google:3,306.

Make sure that there is a MySQL server running on the machine/port you are trying to connect to and that the machine this software is running on is able to connect to this host/port (i.e. not firewalled). Also make sure that the server has not been started with the --skip-networking flag.


	at com.whattoeattoday.recommendationservice.RecommendationServiceApplicationTests.testFindAll(RecommendationServiceApplicationTests.java:22)
Caused by: org.springframework.jdbc.CannotGetJdbcConnectionException: 
Failed to obtain JDBC Connection; nested exception is java.sql.SQLNonTransientConnectionException: Cannot connect to MySQL server on google:3,306.

Make sure that there is a MySQL server running on the machine/port you are trying to connect to and that the machine this software is running on is able to connect to this host/port (i.e. not firewalled). Also make sure that the server has not been started with the --skip-networking flag.


	at com.whattoeattoday.recommendationservice.RecommendationServiceApplicationTests.testFindAll(RecommendationServiceApplicationTests.java:22)
Caused by: java.sql.SQLNonTransientConnectionException: 
Cannot connect to MySQL server on google:3,306.

Make sure that there is a MySQL server running on the machine/port you are trying to connect to and that the machine this software is running on is able to connect to this host/port (i.e. not firewalled). Also make sure that the server has not been started with the --skip-networking flag.


	at com.whattoeattoday.recommendationservice.RecommendationServiceApplicationTests.testFindAll(RecommendationServiceApplicationTests.java:22)
Caused by: java.lang.NullPointerException: Cannot invoke "com.mysql.cj.protocol.a.NativeProtocol.getSocketConnection()" because the return value of "com.mysql.cj.NativeSession.getProtocol()" is null
	at com.whattoeattoday.recommendationservice.RecommendationServiceApplicationTests.testFindAll(RecommendationServiceApplicationTests.java:22)

