<?xml version="1.0" encoding="UTF-8"?>
<testsuite name="com.whattoeattoday.recommendationservice.RecommendationTest" time="0.721" tests="2" errors="2" skipped="0" failures="0">
  <properties>
[...]
</properties>
  <testcase name="test" classname="com.whattoeattoday.recommendationservice.RecommendationTest" time="0.712">
    <error type="java.lang.NullPointerException:">java.lang.NullPointerException: null
	at com.whattoeattoday.recommendationservice.RecommendationTest.test(RecommendationTest.java:72)
</error>
    <system-out>20:59:56.886 [main] DEBUG org.springframework.test.context.junit4.SpringJUnit4ClassRunner - SpringJUnit4ClassRunner constructor called with [class com.whattoeattoday.recommendationservice.RecommendationTest]
20:59:56.893 [main] DEBUG org.springframework.test.context.BootstrapUtils - Instantiating CacheAwareContextLoaderDelegate from class [org.springframework.test.context.cache.DefaultCacheAwareContextLoaderDelegate]
20:59:56.901 [main] DEBUG org.springframework.test.context.BootstrapUtils - Instantiating BootstrapContext using constructor [public org.springframework.test.context.support.DefaultBootstrapContext(java.lang.Class,org.springframework.test.context.CacheAwareContextLoaderDelegate)]
20:59:56.970 [main] DEBUG org.springframework.test.context.BootstrapUtils - Instantiating TestContextBootstrapper for test class [com.whattoeattoday.recommendationservice.RecommendationTest] from class [org.springframework.boot.test.context.SpringBootTestContextBootstrapper]
20:59:56.988 [main] INFO org.springframework.boot.test.context.SpringBootTestContextBootstrapper - Neither @ContextConfiguration nor @ContextHierarchy found for test class [com.whattoeattoday.recommendationservice.RecommendationTest], using SpringBootContextLoader
20:59:56.992 [main] DEBUG org.springframework.test.context.support.AbstractContextLoader - Did not detect default resource location for test class [com.whattoeattoday.recommendationservice.RecommendationTest]: class path resource [com/whattoeattoday/recommendationservice/RecommendationTest-context.xml] does not exist
20:59:56.993 [main] DEBUG org.springframework.test.context.support.AbstractContextLoader - Did not detect default resource location for test class [com.whattoeattoday.recommendationservice.RecommendationTest]: class path resource [com/whattoeattoday/recommendationservice/RecommendationTestContext.groovy] does not exist
20:59:56.993 [main] INFO org.springframework.test.context.support.AbstractContextLoader - Could not detect default resource locations for test class [com.whattoeattoday.recommendationservice.RecommendationTest]: no resource found for suffixes {-context.xml, Context.groovy}.
20:59:57.073 [main] DEBUG org.springframework.test.context.support.ActiveProfilesUtils - Could not find an 'annotation declaring class' for annotation type [org.springframework.test.context.ActiveProfiles] and class [com.whattoeattoday.recommendationservice.RecommendationTest]
20:59:57.288 [main] DEBUG org.springframework.boot.test.context.SpringBootTestContextBootstrapper - @TestExecutionListeners is not present for class [com.whattoeattoday.recommendationservice.RecommendationTest]: using defaults.
20:59:57.288 [main] INFO org.springframework.boot.test.context.SpringBootTestContextBootstrapper - Loaded default TestExecutionListener class names from location [META-INF/spring.factories]: [org.springframework.boot.test.mock.mockito.MockitoTestExecutionListener, org.springframework.boot.test.mock.mockito.ResetMocksTestExecutionListener, org.springframework.boot.test.autoconfigure.restdocs.RestDocsTestExecutionListener, org.springframework.boot.test.autoconfigure.web.client.MockRestServiceServerResetTestExecutionListener, org.springframework.boot.test.autoconfigure.web.servlet.MockMvcPrintOnlyOnFailureTestExecutionListener, org.springframework.boot.test.autoconfigure.web.servlet.WebDriverTestExecutionListener, org.springframework.boot.test.autoconfigure.webservices.client.MockWebServiceServerTestExecutionListener, org.springframework.test.context.web.ServletTestExecutionListener, org.springframework.test.context.support.DirtiesContextBeforeModesTestExecutionListener, org.springframework.test.context.event.ApplicationEventsTestExecutionListener, org.springframework.test.context.support.DependencyInjectionTestExecutionListener, org.springframework.test.context.support.DirtiesContextTestExecutionListener, org.springframework.test.context.transaction.TransactionalTestExecutionListener, org.springframework.test.context.jdbc.SqlScriptsTestExecutionListener, org.springframework.test.context.event.EventPublishingTestExecutionListener]
20:59:57.305 [main] INFO org.springframework.boot.test.context.SpringBootTestContextBootstrapper - Using TestExecutionListeners: [org.springframework.test.context.web.ServletTestExecutionListener@4e7912d8, org.springframework.test.context.support.DirtiesContextBeforeModesTestExecutionListener@53976f5c, org.springframework.test.context.event.ApplicationEventsTestExecutionListener@2bfc268b, org.springframework.boot.test.mock.mockito.MockitoTestExecutionListener@2f8dad04, org.springframework.boot.test.autoconfigure.SpringBootDependencyInjectionTestExecutionListener@29e495ff, org.springframework.test.context.support.DirtiesContextTestExecutionListener@41e1e210, org.springframework.test.context.transaction.TransactionalTestExecutionListener@be35cd9, org.springframework.test.context.jdbc.SqlScriptsTestExecutionListener@4944252c, org.springframework.test.context.event.EventPublishingTestExecutionListener@44821a96, org.springframework.boot.test.mock.mockito.ResetMocksTestExecutionListener@a3d8174, org.springframework.boot.test.autoconfigure.restdocs.RestDocsTestExecutionListener@1ba9117e, org.springframework.boot.test.autoconfigure.web.client.MockRestServiceServerResetTestExecutionListener@732c2a62, org.springframework.boot.test.autoconfigure.web.servlet.MockMvcPrintOnlyOnFailureTestExecutionListener@272ed83b, org.springframework.boot.test.autoconfigure.web.servlet.WebDriverTestExecutionListener@41fecb8b, org.springframework.boot.test.autoconfigure.webservices.client.MockWebServiceServerTestExecutionListener@120f102b]
20:59:57.306 [main] DEBUG org.springframework.test.annotation.ProfileValueUtils - Retrieved @ProfileValueSourceConfiguration [null] for test class [com.whattoeattoday.recommendationservice.RecommendationTest]
20:59:57.309 [main] DEBUG org.springframework.test.annotation.ProfileValueUtils - Retrieved ProfileValueSource type [class org.springframework.test.annotation.SystemProfileValueSource] for class [com.whattoeattoday.recommendationservice.RecommendationTest]
20:59:57.310 [main] DEBUG org.springframework.test.annotation.ProfileValueUtils - Retrieved @ProfileValueSourceConfiguration [null] for test class [com.whattoeattoday.recommendationservice.RecommendationTest]
20:59:57.310 [main] DEBUG org.springframework.test.annotation.ProfileValueUtils - Retrieved ProfileValueSource type [class org.springframework.test.annotation.SystemProfileValueSource] for class [com.whattoeattoday.recommendationservice.RecommendationTest]
20:59:57.310 [main] DEBUG org.springframework.test.annotation.ProfileValueUtils - Retrieved @ProfileValueSourceConfiguration [null] for test class [com.whattoeattoday.recommendationservice.RecommendationTest]
20:59:57.311 [main] DEBUG org.springframework.test.annotation.ProfileValueUtils - Retrieved ProfileValueSource type [class org.springframework.test.annotation.SystemProfileValueSource] for class [com.whattoeattoday.recommendationservice.RecommendationTest]
20:59:57.311 [main] DEBUG org.springframework.test.annotation.ProfileValueUtils - Retrieved @ProfileValueSourceConfiguration [null] for test class [com.whattoeattoday.recommendationservice.RecommendationTest]
20:59:57.311 [main] DEBUG org.springframework.test.annotation.ProfileValueUtils - Retrieved ProfileValueSource type [class org.springframework.test.annotation.SystemProfileValueSource] for class [com.whattoeattoday.recommendationservice.RecommendationTest]
20:59:57.315 [main] DEBUG org.springframework.test.context.support.AbstractDirtiesContextTestExecutionListener - Before test class: context [DefaultTestContext@3514a4c0 testClass = RecommendationTest, testInstance = [null], testMethod = [null], testException = [null], mergedContextConfiguration = [WebMergedContextConfiguration@212b5695 testClass = RecommendationTest, locations = '{}', classes = '{class com.whattoeattoday.recommendationservice.RecommendationServiceApplication}', contextInitializerClasses = '[]', activeProfiles = '{}', propertySourceLocations = '{}', propertySourceProperties = '{org.springframework.boot.test.context.SpringBootTestContextBootstrapper=true}', contextCustomizers = set[org.springframework.boot.test.context.filter.ExcludeFilterContextCustomizer@6a01e23, org.springframework.boot.test.json.DuplicateJsonObjectContextCustomizerFactory$DuplicateJsonObjectContextCustomizer@f8c1ddd, org.springframework.boot.test.mock.mockito.MockitoContextCustomizer@0, org.springframework.boot.test.web.client.TestRestTemplateContextCustomizer@3901d134, org.springframework.boot.test.autoconfigure.actuate.metrics.MetricsExportContextCustomizerFactory$DisableMetricExportContextCustomizer@65d6b83b, org.springframework.boot.test.autoconfigure.properties.PropertyMappingContextCustomizer@0, org.springframework.boot.test.autoconfigure.web.servlet.WebDriverContextCustomizerFactory$Customizer@318ba8c8, org.springframework.boot.test.context.SpringBootTestArgs@1, org.springframework.boot.test.context.SpringBootTestWebEnvironment@19dc67c2], resourceBasePath = 'src/main/webapp', contextLoader = 'org.springframework.boot.test.context.SpringBootContextLoader', parent = [null]], attributes = map['org.springframework.test.context.web.ServletTestExecutionListener.activateListener' -> true]], class annotated with @DirtiesContext [false] with mode [null].
20:59:57.317 [main] DEBUG org.springframework.test.annotation.ProfileValueUtils - Retrieved @ProfileValueSourceConfiguration [null] for test class [com.whattoeattoday.recommendationservice.RecommendationTest]
20:59:57.318 [main] DEBUG org.springframework.test.annotation.ProfileValueUtils - Retrieved ProfileValueSource type [class org.springframework.test.annotation.SystemProfileValueSource] for class [com.whattoeattoday.recommendationservice.RecommendationTest]

  .   ____          _            __ _ _
 /\\ / ___'_ __ _ _(_)_ __  __ _ \ \ \ \
( ( )\___ | '_ | '_| | '_ \/ _` | \ \ \ \
 \\/  ___)| |_)| | | | | || (_| |  ) ) ) )
  '  |____| .__|_| |_|_| |_\__, | / / / /
 =========|_|==============|___/=/_/_/_/
 :: Spring Boot ::               (v2.7.16)

2023-11-26 20:59:57.921  INFO 94630 --- [           main] c.w.r.RecommendationTest                 : Starting RecommendationTest using Java 1.8.0_341 on Jiarongs-MBP.lan with PID 94630 (started by jiarongshi in /Users/jiarongshi/Desktop/Columbia/s3/Advanced SE/WhatToEatToday)
2023-11-26 20:59:57.923  INFO 94630 --- [           main] c.w.r.RecommendationTest                 : No active profile set, falling back to 1 default profile: "default"
2023-11-26 21:00:01.654  INFO 94630 --- [           main] c.w.r.RecommendationTest                 : Started RecommendationTest in 4.295 seconds (JVM running for 5.478)
</system-out>
    <system-err>SLF4J: Class path contains multiple SLF4J bindings.
SLF4J: Found binding in [jar:file:/Users/jiarongshi/.m2/repository/ch/qos/logback/logback-classic/1.2.12/logback-classic-1.2.12.jar!/org/slf4j/impl/StaticLoggerBinder.class]
SLF4J: Found binding in [jar:file:/Users/jiarongshi/.m2/repository/org/apache/logging/log4j/log4j-slf4j-impl/2.17.2/log4j-slf4j-impl-2.17.2.jar!/org/slf4j/impl/StaticLoggerBinder.class]
SLF4J: See http://www.slf4j.org/codes.html#multiple_bindings for an explanation.
SLF4J: Actual binding is of type [ch.qos.logback.classic.util.ContextSelectorStaticBinder]
</system-err>
  </testcase>
  <testcase name="testGetVectorizedSimilarityRank" classname="com.whattoeattoday.recommendationservice.RecommendationTest" time="0.009">
    <error type="java.lang.NullPointerException:">java.lang.NullPointerException: null
	at com.whattoeattoday.recommendationservice.RecommendationTest.testGetVectorizedSimilarityRank(RecommendationTest.java:45)
</error>
  </testcase>
</testsuite>