<?xml version="1.0" encoding="UTF-8"?>
<testsuite name="com.whattoeattoday.recommendationservice.TableServiceImplTest" time="0.435" tests="6" errors="0" skipped="0" failures="0">
  <properties>
[...]
</properties>
  <testcase name="test0Insert" classname="com.whattoeattoday.recommendationservice.TableServiceImplTest" time="0.112"/>
  <testcase name="test1Update" classname="com.whattoeattoday.recommendationservice.TableServiceImplTest" time="0.037"/>
  <testcase name="test2Query" classname="com.whattoeattoday.recommendationservice.TableServiceImplTest" time="0.07"/>
  <testcase name="test3QueryTableRowsNum" classname="com.whattoeattoday.recommendationservice.TableServiceImplTest" time="0.036"/>
  <testcase name="test4UpdateRowNum" classname="com.whattoeattoday.recommendationservice.TableServiceImplTest" time="0.069"/>
  <testcase name="test5Delete" classname="com.whattoeattoday.recommendationservice.TableServiceImplTest" time="0.111"/>
</testsuite>